#
# There is insufficient memory for the Java Runtime Environment to continue.
# Native memory allocation (malloc) failed to allocate 564176 bytes for Chunk::new
# Possible reasons:
#   The system is out of physical RAM or swap space
#   The process is running with CompressedOops enabled, and the Java Heap may be blocking the growth of the native heap
# Possible solutions:
#   Reduce memory load on the system
#   Increase physical memory or swap space
#   Check if swap backing store is full
#   Decrease Java heap size (-Xmx/-Xms)
#   Decrease number of Java threads
#   Decrease Java thread stack sizes (-Xss)
#   Set larger code cache with -XX:ReservedCodeCacheSize=
#   JVM is running with Unscaled Compressed Oops mode in which the Java heap is
#     placed in the first 4GB address space. The Java Heap base address is the
#     maximum limit for the native heap growth. Please use -XX:HeapBaseMinAddress
#     to set the Java Heap base and to place the Java Heap above 4GB virtual address.
# This output file may be truncated or incomplete.
#
#  Out of Memory Error (arena.cpp:189), pid=7328, tid=7472
#
# JRE version: OpenJDK Runtime Environment Temurin-17.0.7+7 (17.0.7+7) (build 17.0.7+7)
# Java VM: OpenJDK 64-Bit Server VM Temurin-17.0.7+7 (17.0.7+7, mixed mode, tiered, compressed oops, compressed class ptrs, parallel gc, windows-amd64)
# No core dump will be written. Minidumps are not enabled by default on client versions of Windows
#

---------------  S U M M A R Y ------------

Command Line: --add-modules=ALL-SYSTEM --add-opens=java.base/java.util=ALL-UNNAMED --add-opens=java.base/java.lang=ALL-UNNAMED --add-opens=java.base/sun.nio.fs=ALL-UNNAMED -Declipse.application=org.eclipse.jdt.ls.core.id1 -Dosgi.bundles.defaultStartLevel=4 -Declipse.product=org.eclipse.jdt.ls.core.product -Djava.import.generatesMetadataFilesAtProjectRoot=false -Dfile.encoding=utf8 -XX:+UseParallelGC -XX:GCTimeRatio=4 -XX:AdaptiveSizePolicyWeight=90 -Dsun.zip.disableMemoryMapping=true -Xmx1G -Xms100m -Xlog:disable -javaagent:c:\Users\11\.vscode\extensions\redhat.java-1.20.0-win32-x64\lombok\lombok-1.18.28.jar -XX:+HeapDumpOnOutOfMemoryError -XX:HeapDumpPath=c:\Users\11\AppData\Roaming\Code\User\workspaceStorage\43ac8a070a476b2101acbc0da1527d56\redhat.java -Daether.dependencyCollector.impl=bf c:\Users\11\.vscode\extensions\redhat.java-1.20.0-win32-x64\server\plugins\org.eclipse.equinox.launcher_1.6.500.v20230622-2056.jar -configuration c:\Users\11\AppData\Roaming\Code\User\globalStorage\redhat.java\1.20.0\config_win -data c:\Users\11\AppData\Roaming\Code\User\workspaceStorage\43ac8a070a476b2101acbc0da1527d56\redhat.java\jdt_ws

Host: Intel(R) Core(TM) i3 CPU       M 370  @ 2.40GHz, 4 cores, 2G,  Windows 8.1 , 64 bit Build 9600 (6.3.9600.17031)
Time: Wed Jul 19 19:36:16 2023 Московское время (зима) elapsed time: 3.455352 seconds (0d 0h 0m 3s)

---------------  T H R E A D  ---------------

Current thread (0x000000cfeb31fe10):  JavaThread "C2 CompilerThread0" daemon [_thread_in_native, id=7472, stack(0x000000cff0fd0000,0x000000cff10d0000)]


Current CompileTask:
C2:   3455  660   !   4       java.util.jar.Attributes::read (498 bytes)

Stack: [0x000000cff0fd0000,0x000000cff10d0000]
Native frames: (J=compiled Java code, j=interpreted, Vv=VM code, C=native code)
V  [jvm.dll+0x67754a]
V  [jvm.dll+0x834304]
V  [jvm.dll+0x835aae]
V  [jvm.dll+0x836113]
V  [jvm.dll+0x24696f]
V  [jvm.dll+0xac0ac]
V  [jvm.dll+0xac67c]
V  [jvm.dll+0x364de2]
V  [jvm.dll+0x32f6b1]
V  [jvm.dll+0x32eb5a]
V  [jvm.dll+0x219641]
V  [jvm.dll+0x218a61]
V  [jvm.dll+0x1a4d8d]
V  [jvm.dll+0x2284da]
V  [jvm.dll+0x226615]
V  [jvm.dll+0x7ea90b]
V  [jvm.dll+0x7e4e7a]
V  [jvm.dll+0x676395]
C  [ucrtbase.DLL+0x1c1ae]
C  [KERNEL32.DLL+0x168d]
C  [ntdll.dll+0x74629]


---------------  P R O C E S S  ---------------

Threads class SMR info:
_java_thread_list=0x000000cff0af7360, length=12, elements={
0x000000cfd72e3810, 0x000000cfeb2ec2c0, 0x000000cfeb2ef000, 0x000000cff07dc4b0,
0x000000cff07dd120, 0x000000cff07ddd90, 0x000000cff07df5c0, 0x000000cfeb31fe10,
0x000000cfeb339780, 0x000000cff082a6d0, 0x000000cfd7344570, 0x000000cff0aef200
}

Java Threads: ( => current thread )
  0x000000cfd72e3810 JavaThread "main" [_thread_in_Java, id=7344, stack(0x000000cfd6980000,0x000000cfd6a80000)]
  0x000000cfeb2ec2c0 JavaThread "Reference Handler" daemon [_thread_blocked, id=7416, stack(0x000000cff0330000,0x000000cff0430000)]
  0x000000cfeb2ef000 JavaThread "Finalizer" daemon [_thread_blocked, id=7420, stack(0x000000cff0430000,0x000000cff0530000)]
  0x000000cff07dc4b0 JavaThread "Signal Dispatcher" daemon [_thread_blocked, id=7444, stack(0x000000cff0bd0000,0x000000cff0cd0000)]
  0x000000cff07dd120 JavaThread "Attach Listener" daemon [_thread_blocked, id=7452, stack(0x000000cff0cd0000,0x000000cff0dd0000)]
  0x000000cff07ddd90 JavaThread "Service Thread" daemon [_thread_blocked, id=7460, stack(0x000000cff0dd0000,0x000000cff0ed0000)]
  0x000000cff07df5c0 JavaThread "Monitor Deflation Thread" daemon [_thread_blocked, id=7464, stack(0x000000cff0ed0000,0x000000cff0fd0000)]
=>0x000000cfeb31fe10 JavaThread "C2 CompilerThread0" daemon [_thread_in_native, id=7472, stack(0x000000cff0fd0000,0x000000cff10d0000)]
  0x000000cfeb339780 JavaThread "C1 CompilerThread0" daemon [_thread_blocked, id=7480, stack(0x000000cff10d0000,0x000000cff11d0000)]
  0x000000cff082a6d0 JavaThread "Sweeper thread" daemon [_thread_blocked, id=7488, stack(0x000000cff11d0000,0x000000cff12d0000)]
  0x000000cfd7344570 JavaThread "Common-Cleaner" daemon [_thread_blocked, id=7532, stack(0x000000cff12d0000,0x000000cff13d0000)]
  0x000000cff0aef200 JavaThread "Notification Thread" daemon [_thread_blocked, id=7556, stack(0x000000cff1bd0000,0x000000cff1cd0000)]

Other Threads:
  0x000000cfeb2e76b0 VMThread "VM Thread" [stack: 0x000000cfebf00000,0x000000cfec000000] [id=7408]
  0x000000cff0aef6d0 WatcherThread [stack: 0x000000cff1cd0000,0x000000cff1dd0000] [id=7560]
  0x000000cfd72f77c0 GCTaskThread "GC Thread#0" [stack: 0x000000cfd6e70000,0x000000cfd6f70000] [id=7364]

Threads with active compile tasks:
C2 CompilerThread0     3497  660   !   4       java.util.jar.Attributes::read (498 bytes)

VM state: not at safepoint (normal execution)

VM Mutex/Monitor currently owned by a thread: None

Heap address: 0x00000000c0000000, size: 1024 MB, Compressed Oops mode: 32-bit

CDS archive(s) not mapped
Compressed class space mapped at: 0x0000000100000000-0x0000000140000000, reserved size: 1073741824
Narrow klass base: 0x0000000000000000, Narrow klass shift: 3, Narrow klass range: 0x140000000

GC Precious Log:
 CPUs: 4 total, 4 available
 Memory: 2806M
 Large Page Support: Disabled
 NUMA Support: Disabled
 Compressed Oops: Enabled (32-bit)
 Alignments: Space 512K, Generation 512K, Heap 2M
 Heap Min Capacity: 100M
 Heap Initial Capacity: 100M
 Heap Max Capacity: 1G
 Pre-touch: Disabled
 Parallel Workers: 4

Heap:
 PSYoungGen      total 29696K, used 16035K [0x00000000eab00000, 0x00000000ecc00000, 0x0000000100000000)
  eden space 25600K, 62% used [0x00000000eab00000,0x00000000ebaa8dd8,0x00000000ec400000)
  from space 4096K, 0% used [0x00000000ec800000,0x00000000ec800000,0x00000000ecc00000)
  to   space 4096K, 0% used [0x00000000ec400000,0x00000000ec400000,0x00000000ec800000)
 ParOldGen       total 68608K, used 0K [0x00000000c0000000, 0x00000000c4300000, 0x00000000eab00000)
  object space 68608K, 0% used [0x00000000c0000000,0x00000000c0000000,0x00000000c4300000)
 Metaspace       used 9220K, committed 9344K, reserved 1114112K
  class space    used 911K, committed 960K, reserved 1048576K

Card table byte_map: [0x000000cfd6c60000,0x000000cfd6e70000] _byte_map_base: 0x000000cfd6660000

Marking Bits: (ParMarkBitMap*) 0x00007ffd63ac52c0
 Begin Bits: [0x000000cfe8f40000, 0x000000cfe9f40000)
 End Bits:   [0x000000cfe9f40000, 0x000000cfeaf40000)

Polling page: 0x000000cfd5210000

Metaspace:

Usage:
  Non-class:      8.11 MB used.
      Class:    911.88 KB used.
       Both:      9.00 MB used.

Virtual space:
  Non-class space:       64.00 MB reserved,       8.19 MB ( 13%) committed,  1 nodes.
      Class space:        1.00 GB reserved,     960.00 KB ( <1%) committed,  1 nodes.
             Both:        1.06 GB reserved,       9.13 MB ( <1%) committed. 

Chunk freelists:
   Non-Class:  6.91 MB
       Class:  15.09 MB
        Both:  22.00 MB

MaxMetaspaceSize: unlimited
CompressedClassSpaceSize: 1.00 GB
Initial GC threshold: 21.00 MB
Current GC threshold: 21.00 MB
CDS: off
MetaspaceReclaimPolicy: balanced
 - commit_granule_bytes: 65536.
 - commit_granule_words: 8192.
 - virtual_space_node_default_size: 8388608.
 - enlarge_chunks_in_place: 1.
 - new_chunks_are_fully_committed: 0.
 - uncommit_free_chunks: 1.
 - use_allocation_guard: 0.
 - handle_deallocations: 1.


Internal statistics:

num_allocs_failed_limit: 0.
num_arena_births: 10.
num_arena_deaths: 0.
num_vsnodes_births: 2.
num_vsnodes_deaths: 0.
num_space_committed: 146.
num_space_uncommitted: 0.
num_chunks_returned_to_freelist: 0.
num_chunks_taken_from_freelist: 45.
num_chunk_merges: 0.
num_chunk_splits: 25.
num_chunks_enlarged: 20.
num_inconsistent_stats: 0.

CodeHeap 'non-profiled nmethods': size=120000Kb used=248Kb max_used=248Kb free=119751Kb
 bounds [0x000000cfe1a10000, 0x000000cfe1c80000, 0x000000cfe8f40000]
CodeHeap 'profiled nmethods': size=120000Kb used=1093Kb max_used=1093Kb free=118906Kb
 bounds [0x000000cfd9f40000, 0x000000cfda1b0000, 0x000000cfe1470000]
CodeHeap 'non-nmethods': size=5760Kb used=1130Kb max_used=1147Kb free=4629Kb
 bounds [0x000000cfe1470000, 0x000000cfe16e0000, 0x000000cfe1a10000]
 total_blobs=1100 nmethods=678 adapters=338
 compilation: enabled
              stopped_count=0, restarted_count=0
 full_count=0

Compilation events (20 events):
Event: 3.373 Thread 0x000000cfeb339780  669       3       jdk.internal.misc.Unsafe::convEndian (16 bytes)
Event: 3.373 Thread 0x000000cfeb339780 nmethod 669 0x000000cfda041d10 code [0x000000cfda041ec0, 0x000000cfda042028]
Event: 3.379 Thread 0x000000cfeb339780  670       3       java.lang.invoke.VarHandleByteArrayAsLongs$ArrayHandle::index (13 bytes)
Event: 3.379 Thread 0x000000cfeb339780 nmethod 670 0x000000cfda042110 code [0x000000cfda0422c0, 0x000000cfda0424c8]
Event: 3.380 Thread 0x000000cfeb339780  671       3       jdk.internal.misc.Unsafe::getLongUnaligned (12 bytes)
Event: 3.380 Thread 0x000000cfeb339780 nmethod 671 0x000000cfda042610 code [0x000000cfda0427c0, 0x000000cfda0429a8]
Event: 3.380 Thread 0x000000cfeb339780  672       3       java.lang.invoke.VarHandleGuards::guard_LI_J (78 bytes)
Event: 3.384 Thread 0x000000cfeb339780 nmethod 672 0x000000cfda042a90 code [0x000000cfda042dc0, 0x000000cfda044948]
Event: 3.384 Thread 0x000000cfeb339780  674       3       java.lang.invoke.VarHandleByteArrayAsLongs$ArrayHandle::get (36 bytes)
Event: 3.384 Thread 0x000000cfeb339780 nmethod 674 0x000000cfda045190 code [0x000000cfda045380, 0x000000cfda045898]
Event: 3.385 Thread 0x000000cfeb339780  677       3       java.lang.Long::reverseBytes (46 bytes)
Event: 3.386 Thread 0x000000cfeb339780 nmethod 677 0x000000cfda045a90 code [0x000000cfda045c20, 0x000000cfda045d78]
Event: 3.403 Thread 0x000000cfeb339780  679       3       sun.security.provider.SHA5::implCompress0 (346 bytes)
Event: 3.405 Thread 0x000000cfeb339780 nmethod 679 0x000000cfda045e10 code [0x000000cfda046060, 0x000000cfda046a88]
Event: 3.411 Thread 0x000000cfeb339780  684       3       sun.security.provider.ByteArrayAccess::b2lBig128 (232 bytes)
Event: 3.427 Thread 0x000000cfeb339780 nmethod 684 0x000000cfda047190 code [0x000000cfda047c60, 0x000000cfda04e038]
Event: 3.427 Thread 0x000000cfeb339780  685       3       sun.security.provider.SHA5::implCompress (13 bytes)
Event: 3.428 Thread 0x000000cfeb339780 nmethod 685 0x000000cfda04fd90 code [0x000000cfda04ff80, 0x000000cfda0503e8]
Event: 3.428 Thread 0x000000cfeb339780  686       3       sun.security.provider.SHA5::implCompressCheck (28 bytes)
Event: 3.429 Thread 0x000000cfeb339780 nmethod 686 0x000000cfda050610 code [0x000000cfda0507e0, 0x000000cfda050b98]

GC Heap History (0 events):
No events

Dll operation events (8 events):
Event: 0.016 Loaded shared library c:\Users\11\.vscode\extensions\redhat.java-1.20.0-win32-x64\jre\17.0.7-win32-x86_64\bin\java.dll
Event: 1.398 Loaded shared library c:\Users\11\.vscode\extensions\redhat.java-1.20.0-win32-x64\jre\17.0.7-win32-x86_64\bin\zip.dll
Event: 1.443 Loaded shared library C:\Users\11\.vscode\extensions\redhat.java-1.20.0-win32-x64\jre\17.0.7-win32-x86_64\bin\instrument.dll
Event: 1.521 Loaded shared library C:\Users\11\.vscode\extensions\redhat.java-1.20.0-win32-x64\jre\17.0.7-win32-x86_64\bin\net.dll
Event: 1.529 Loaded shared library C:\Users\11\.vscode\extensions\redhat.java-1.20.0-win32-x64\jre\17.0.7-win32-x86_64\bin\nio.dll
Event: 1.577 Loaded shared library C:\Users\11\.vscode\extensions\redhat.java-1.20.0-win32-x64\jre\17.0.7-win32-x86_64\bin\zip.dll
Event: 1.624 Loaded shared library C:\Users\11\.vscode\extensions\redhat.java-1.20.0-win32-x64\jre\17.0.7-win32-x86_64\bin\jimage.dll
Event: 1.809 Loaded shared library c:\Users\11\.vscode\extensions\redhat.java-1.20.0-win32-x64\jre\17.0.7-win32-x86_64\bin\verify.dll

Deoptimization events (20 events):
Event: 3.082 Thread 0x000000cfd72e3810 DEOPT PACKING pc=0x000000cfe1a324fc sp=0x000000cfd6a7e4c0
Event: 3.082 Thread 0x000000cfd72e3810 DEOPT UNPACKING pc=0x000000cfe14c669d sp=0x000000cfd6a7e3b0 mode 2
Event: 3.110 Thread 0x000000cfd72e3810 Uncommon trap: trap_request=0xffffff45 fr.pc=0x000000cfe1a44e74 relative=0x0000000000000074
Event: 3.110 Thread 0x000000cfd72e3810 Uncommon trap: reason=unstable_if action=reinterpret pc=0x000000cfe1a44e74 method=jdk.internal.misc.Unsafe.convEndian(ZI)I @ 4 c2
Event: 3.110 Thread 0x000000cfd72e3810 DEOPT PACKING pc=0x000000cfe1a44e74 sp=0x000000cfd6a7db30
Event: 3.110 Thread 0x000000cfd72e3810 DEOPT UNPACKING pc=0x000000cfe14c669d sp=0x000000cfd6a7da60 mode 2
Event: 3.242 Thread 0x000000cfd72e3810 DEOPT PACKING pc=0x000000cfda02e156 sp=0x000000cfd6a7ea10
Event: 3.242 Thread 0x000000cfd72e3810 DEOPT UNPACKING pc=0x000000cfe14c6e24 sp=0x000000cfd6a7de98 mode 0
Event: 3.245 Thread 0x000000cfd72e3810 DEOPT PACKING pc=0x000000cfda02e156 sp=0x000000cfd6a7e9c0
Event: 3.245 Thread 0x000000cfd72e3810 DEOPT UNPACKING pc=0x000000cfe14c6e24 sp=0x000000cfd6a7de48 mode 0
Event: 3.246 Thread 0x000000cfd72e3810 DEOPT PACKING pc=0x000000cfda02e156 sp=0x000000cfd6a7e9c0
Event: 3.246 Thread 0x000000cfd72e3810 DEOPT UNPACKING pc=0x000000cfe14c6e24 sp=0x000000cfd6a7de48 mode 0
Event: 3.271 Thread 0x000000cfd72e3810 DEOPT PACKING pc=0x000000cfda02e156 sp=0x000000cfd6a7e8e0
Event: 3.271 Thread 0x000000cfd72e3810 DEOPT UNPACKING pc=0x000000cfe14c6e24 sp=0x000000cfd6a7dd68 mode 0
Event: 3.272 Thread 0x000000cfd72e3810 DEOPT PACKING pc=0x000000cfda02e156 sp=0x000000cfd6a7e8e0
Event: 3.272 Thread 0x000000cfd72e3810 DEOPT UNPACKING pc=0x000000cfe14c6e24 sp=0x000000cfd6a7dd68 mode 0
Event: 3.354 Thread 0x000000cfd72e3810 Uncommon trap: trap_request=0xffffffc6 fr.pc=0x000000cfe1a4c748 relative=0x0000000000000288
Event: 3.354 Thread 0x000000cfd72e3810 Uncommon trap: reason=bimorphic_or_optimized_type_check action=maybe_recompile pc=0x000000cfe1a4c748 method=java.util.HashMap.getNode(Ljava/lang/Object;)Ljava/util/HashMap$Node; @ 128 c2
Event: 3.354 Thread 0x000000cfd72e3810 DEOPT PACKING pc=0x000000cfe1a4c748 sp=0x000000cfd6a7e390
Event: 3.354 Thread 0x000000cfd72e3810 DEOPT UNPACKING pc=0x000000cfe14c669d sp=0x000000cfd6a7e318 mode 2

Classes unloaded (0 events):
No events

Classes redefined (0 events):
No events

Internal exceptions (8 events):
Event: 1.295 Thread 0x000000cfd72e3810 Exception <a 'java/lang/NoSuchMethodError'{0x00000000eacb6340}: 'void java.lang.invoke.DirectMethodHandle$Holder.invokeStatic(java.lang.Object, java.lang.Object, java.lang.Object)'> (0x00000000eacb6340) 
thrown [s\src\hotspot\share\interpreter\linkResolver.cpp, line 759]
Event: 1.873 Thread 0x000000cfd72e3810 Exception <a 'java/lang/reflect/InvocationTargetException'{0x00000000eaf7c6b8}> (0x00000000eaf7c6b8) 
thrown [s\src\hotspot\share\runtime\reflection.cpp, line 1121]
Event: 3.062 Thread 0x000000cfd72e3810 Exception <a 'java/lang/ClassNotFoundException'{0x00000000eb787a50}: sun/net/www/protocol/c/Handler> (0x00000000eb787a50) 
thrown [s\src\hotspot\share\classfile\systemDictionary.cpp, line 256]
Event: 3.083 Thread 0x000000cfd72e3810 Exception <a 'java/io/FileNotFoundException'{0x00000000eb7a28d8}> (0x00000000eb7a28d8) 
thrown [s\src\hotspot\share\prims\jni.cpp, line 516]
Event: 3.084 Thread 0x000000cfd72e3810 Exception <a 'java/io/FileNotFoundException'{0x00000000eb7a3a88}> (0x00000000eb7a3a88) 
thrown [s\src\hotspot\share\prims\jni.cpp, line 516]
Event: 3.100 Thread 0x000000cfd72e3810 Exception <a 'java/io/FileNotFoundException'{0x00000000eb7a4c30}> (0x00000000eb7a4c30) 
thrown [s\src\hotspot\share\prims\jni.cpp, line 516]
Event: 3.101 Thread 0x000000cfd72e3810 Exception <a 'java/io/FileNotFoundException'{0x00000000eb7a5dd0}> (0x00000000eb7a5dd0) 
thrown [s\src\hotspot\share\prims\jni.cpp, line 516]
Event: 3.136 Thread 0x000000cfd72e3810 Exception <a 'java/io/FileNotFoundException'{0x00000000eb7df318}> (0x00000000eb7df318) 
thrown [s\src\hotspot\share\prims\jni.cpp, line 516]

VM Operations (12 events):
Event: 1.291 Executing VM operation: Cleanup
Event: 1.295 Executing VM operation: Cleanup done
Event: 1.326 Executing VM operation: HandshakeAllThreads
Event: 1.326 Executing VM operation: HandshakeAllThreads done
Event: 1.713 Executing VM operation: HandshakeAllThreads
Event: 1.713 Executing VM operation: HandshakeAllThreads done
Event: 2.714 Executing VM operation: Cleanup
Event: 2.714 Executing VM operation: Cleanup done
Event: 2.888 Executing VM operation: HandshakeAllThreads
Event: 2.888 Executing VM operation: HandshakeAllThreads done
Event: 3.032 Executing VM operation: HandshakeAllThreads
Event: 3.032 Executing VM operation: HandshakeAllThreads done

Events (20 events):
Event: 3.179 loading class sun/nio/fs/WindowsFileSystemProvider$1
Event: 3.179 loading class sun/nio/fs/WindowsFileSystemProvider$1 done
Event: 3.179 loading class sun/nio/fs/WindowsLinkSupport
Event: 3.179 loading class sun/nio/fs/WindowsLinkSupport done
Event: 3.180 loading class sun/nio/fs/WindowsAclFileAttributeView
Event: 3.180 loading class sun/nio/fs/AbstractAclFileAttributeView
Event: 3.180 loading class java/nio/file/attribute/AclFileAttributeView
Event: 3.180 loading class java/nio/file/attribute/FileOwnerAttributeView
Event: 3.180 loading class java/nio/file/attribute/FileOwnerAttributeView done
Event: 3.180 loading class java/nio/file/attribute/AclFileAttributeView done
Event: 3.180 loading class sun/nio/fs/AbstractAclFileAttributeView done
Event: 3.180 loading class sun/nio/fs/WindowsAclFileAttributeView done
Event: 3.181 loading class sun/nio/fs/WindowsSecurity
Event: 3.182 loading class sun/nio/fs/WindowsSecurity done
Event: 3.183 loading class sun/nio/fs/WindowsFileStore
Event: 3.184 loading class java/nio/file/FileStore
Event: 3.184 loading class java/nio/file/FileStore done
Event: 3.184 loading class sun/nio/fs/WindowsFileStore done
Event: 3.218 loading class java/net/URLClassLoader$1
Event: 3.219 loading class java/net/URLClassLoader$1 done


Dynamic libraries:
0x00007ff722990000 - 0x00007ff72299e000 	c:\Users\11\.vscode\extensions\redhat.java-1.20.0-win32-x64\jre\17.0.7-win32-x86_64\bin\java.exe
0x00007ffd8dc70000 - 0x00007ffd8de1a000 	C:\Windows\SYSTEM32\ntdll.dll
0x00007ffd8d4f0000 - 0x00007ffd8d62a000 	C:\Windows\system32\KERNEL32.DLL
0x00007ffd8b360000 - 0x00007ffd8b470000 	C:\Windows\system32\KERNELBASE.dll
0x00007ffd64200000 - 0x00007ffd64217000 	c:\Users\11\.vscode\extensions\redhat.java-1.20.0-win32-x64\jre\17.0.7-win32-x86_64\bin\jli.dll
0x00007ffd641e0000 - 0x00007ffd641f9000 	c:\Users\11\.vscode\extensions\redhat.java-1.20.0-win32-x64\jre\17.0.7-win32-x86_64\bin\VCRUNTIME140.dll
0x00007ffd641d0000 - 0x00007ffd641d4000 	c:\Users\11\.vscode\extensions\redhat.java-1.20.0-win32-x64\jre\17.0.7-win32-x86_64\bin\api-ms-win-crt-stdio-l1-1-0.dll
0x00007ffd641c0000 - 0x00007ffd641c4000 	c:\Users\11\.vscode\extensions\redhat.java-1.20.0-win32-x64\jre\17.0.7-win32-x86_64\bin\api-ms-win-crt-runtime-l1-1-0.dll
0x00007ffd641b0000 - 0x00007ffd641b3000 	c:\Users\11\.vscode\extensions\redhat.java-1.20.0-win32-x64\jre\17.0.7-win32-x86_64\bin\api-ms-win-crt-environment-l1-1-0.dll
0x00007ffd641a0000 - 0x00007ffd641a5000 	c:\Users\11\.vscode\extensions\redhat.java-1.20.0-win32-x64\jre\17.0.7-win32-x86_64\bin\api-ms-win-crt-math-l1-1-0.dll
0x00007ffd64190000 - 0x00007ffd64193000 	c:\Users\11\.vscode\extensions\redhat.java-1.20.0-win32-x64\jre\17.0.7-win32-x86_64\bin\api-ms-win-crt-locale-l1-1-0.dll
0x00007ffd64180000 - 0x00007ffd64183000 	c:\Users\11\.vscode\extensions\redhat.java-1.20.0-win32-x64\jre\17.0.7-win32-x86_64\bin\api-ms-win-crt-heap-l1-1-0.dll
0x00007ffd87200000 - 0x00007ffd8745a000 	C:\Windows\WinSxS\amd64_microsoft.windows.common-controls_6595b64144ccf1df_6.0.9600.17031_none_6242a4b3ecbb55a1\COMCTL32.dll
0x00007ffd8da60000 - 0x00007ffd8dbd1000 	C:\Windows\system32\USER32.dll
0x00007ffd64170000 - 0x00007ffd64173000 	c:\Users\11\.vscode\extensions\redhat.java-1.20.0-win32-x64\jre\17.0.7-win32-x86_64\bin\api-ms-win-crt-filesystem-l1-1-0.dll
0x00007ffd64160000 - 0x00007ffd64164000 	c:\Users\11\.vscode\extensions\redhat.java-1.20.0-win32-x64\jre\17.0.7-win32-x86_64\bin\api-ms-win-crt-string-l1-1-0.dll
0x00007ffd64150000 - 0x00007ffd64154000 	c:\Users\11\.vscode\extensions\redhat.java-1.20.0-win32-x64\jre\17.0.7-win32-x86_64\bin\api-ms-win-crt-convert-l1-1-0.dll
0x00007ffd8b4c0000 - 0x00007ffd8b567000 	C:\Windows\system32\msvcrt.dll
0x00007ffd8be70000 - 0x00007ffd8bfb5000 	C:\Windows\system32\GDI32.dll
0x00007ffd63cb0000 - 0x00007ffd63daa000 	c:\Users\11\.vscode\extensions\redhat.java-1.20.0-win32-x64\jre\17.0.7-win32-x86_64\bin\ucrtbase.DLL
0x00007ffd8d880000 - 0x00007ffd8d8b4000 	C:\Windows\system32\IMM32.DLL
0x00007ffd8d920000 - 0x00007ffd8da59000 	C:\Windows\system32\MSCTF.dll
0x00007ffd64140000 - 0x00007ffd6414c000 	c:\Users\11\.vscode\extensions\redhat.java-1.20.0-win32-x64\jre\17.0.7-win32-x86_64\bin\vcruntime140_1.dll
0x00007ffd640a0000 - 0x00007ffd64131000 	c:\Users\11\.vscode\extensions\redhat.java-1.20.0-win32-x64\jre\17.0.7-win32-x86_64\bin\msvcp140.dll
0x00007ffd64090000 - 0x00007ffd64093000 	c:\Users\11\.vscode\extensions\redhat.java-1.20.0-win32-x64\jre\17.0.7-win32-x86_64\bin\api-ms-win-crt-time-l1-1-0.dll
0x00007ffd64080000 - 0x00007ffd64083000 	c:\Users\11\.vscode\extensions\redhat.java-1.20.0-win32-x64\jre\17.0.7-win32-x86_64\bin\api-ms-win-crt-utility-l1-1-0.dll
0x00007ffd62f40000 - 0x00007ffd63b88000 	c:\Users\11\.vscode\extensions\redhat.java-1.20.0-win32-x64\jre\17.0.7-win32-x86_64\bin\server\jvm.dll
0x00007ffd8b6c0000 - 0x00007ffd8b765000 	C:\Windows\system32\ADVAPI32.dll
0x00007ffd64070000 - 0x00007ffd64079000 	C:\Windows\SYSTEM32\WSOCK32.dll
0x00007ffd89100000 - 0x00007ffd8911f000 	C:\Windows\SYSTEM32\WINMM.dll
0x00007ffd890d0000 - 0x00007ffd890da000 	C:\Windows\SYSTEM32\VERSION.dll
0x00007ffd8d8c0000 - 0x00007ffd8d917000 	C:\Windows\SYSTEM32\sechost.dll
0x00007ffd8b580000 - 0x00007ffd8b6b6000 	C:\Windows\system32\RPCRT4.dll
0x00007ffd8ba00000 - 0x00007ffd8ba58000 	C:\Windows\system32\WS2_32.dll
0x00007ffd88b80000 - 0x00007ffd88baa000 	C:\Windows\SYSTEM32\WINMMBASE.dll
0x00007ffd8d4e0000 - 0x00007ffd8d4e9000 	C:\Windows\system32\NSI.dll
0x00007ffd8b470000 - 0x00007ffd8b4ba000 	C:\Windows\SYSTEM32\cfgmgr32.dll
0x00007ffd89e30000 - 0x00007ffd89e56000 	C:\Windows\SYSTEM32\DEVOBJ.dll
0x00007ffd64060000 - 0x00007ffd6406a000 	c:\Users\11\.vscode\extensions\redhat.java-1.20.0-win32-x64\jre\17.0.7-win32-x86_64\bin\jimage.dll
0x00007ffd62470000 - 0x00007ffd625f8000 	C:\Windows\SYSTEM32\DBGHELP.DLL
0x00007ffd64050000 - 0x00007ffd6405e000 	c:\Users\11\.vscode\extensions\redhat.java-1.20.0-win32-x64\jre\17.0.7-win32-x86_64\bin\instrument.dll
0x00007ffd64020000 - 0x00007ffd64045000 	c:\Users\11\.vscode\extensions\redhat.java-1.20.0-win32-x64\jre\17.0.7-win32-x86_64\bin\java.dll
0x00007ffd62f20000 - 0x00007ffd62f38000 	c:\Users\11\.vscode\extensions\redhat.java-1.20.0-win32-x64\jre\17.0.7-win32-x86_64\bin\zip.dll
0x00007ffd8bfc0000 - 0x00007ffd8d3d7000 	C:\Windows\system32\SHELL32.dll
0x00007ffd8b770000 - 0x00007ffd8b946000 	C:\Windows\SYSTEM32\combase.dll
0x00007ffd8dbe0000 - 0x00007ffd8dc31000 	C:\Windows\system32\SHLWAPI.dll
0x00007ffd895d0000 - 0x00007ffd8966f000 	C:\Windows\SYSTEM32\SHCORE.dll
0x00007ffd8afb0000 - 0x00007ffd8afc4000 	C:\Windows\SYSTEM32\profapi.dll
0x00007ffd64000000 - 0x00007ffd64019000 	C:\Users\11\.vscode\extensions\redhat.java-1.20.0-win32-x64\jre\17.0.7-win32-x86_64\bin\net.dll
0x00007ffd83d50000 - 0x00007ffd83e15000 	C:\Windows\SYSTEM32\WINHTTP.dll
0x00007ffd8a8e0000 - 0x00007ffd8a938000 	C:\Windows\system32\mswsock.dll
0x00007ffd63fe0000 - 0x00007ffd63ff5000 	C:\Users\11\.vscode\extensions\redhat.java-1.20.0-win32-x64\jre\17.0.7-win32-x86_64\bin\nio.dll
0x00007ffd63fd0000 - 0x00007ffd63fe0000 	c:\Users\11\.vscode\extensions\redhat.java-1.20.0-win32-x64\jre\17.0.7-win32-x86_64\bin\verify.dll

dbghelp: loaded successfully - version: 4.0.5 - missing functions: none
symbol engine: initialized successfully - sym options: 0x614 - pdb path: .;c:\Users\11\.vscode\extensions\redhat.java-1.20.0-win32-x64\jre\17.0.7-win32-x86_64\bin;C:\Windows\SYSTEM32;C:\Windows\WinSxS\amd64_microsoft.windows.common-controls_6595b64144ccf1df_6.0.9600.17031_none_6242a4b3ecbb55a1;c:\Users\11\.vscode\extensions\redhat.java-1.20.0-win32-x64\jre\17.0.7-win32-x86_64\bin\server

VM Arguments:
jvm_args: --add-modules=ALL-SYSTEM --add-opens=java.base/java.util=ALL-UNNAMED --add-opens=java.base/java.lang=ALL-UNNAMED --add-opens=java.base/sun.nio.fs=ALL-UNNAMED -Declipse.application=org.eclipse.jdt.ls.core.id1 -Dosgi.bundles.defaultStartLevel=4 -Declipse.product=org.eclipse.jdt.ls.core.product -Djava.import.generatesMetadataFilesAtProjectRoot=false -Dfile.encoding=utf8 -XX:+UseParallelGC -XX:GCTimeRatio=4 -XX:AdaptiveSizePolicyWeight=90 -Dsun.zip.disableMemoryMapping=true -Xmx1G -Xms100m -Xlog:disable -javaagent:c:\Users\11\.vscode\extensions\redhat.java-1.20.0-win32-x64\lombok\lombok-1.18.28.jar -XX:+HeapDumpOnOutOfMemoryError -XX:HeapDumpPath=c:\Users\11\AppData\Roaming\Code\User\workspaceStorage\43ac8a070a476b2101acbc0da1527d56\redhat.java -Daether.dependencyCollector.impl=bf 
java_command: c:\Users\11\.vscode\extensions\redhat.java-1.20.0-win32-x64\server\plugins\org.eclipse.equinox.launcher_1.6.500.v20230622-2056.jar -configuration c:\Users\11\AppData\Roaming\Code\User\globalStorage\redhat.java\1.20.0\config_win -data c:\Users\11\AppData\Roaming\Code\User\workspaceStorage\43ac8a070a476b2101acbc0da1527d56\redhat.java\jdt_ws
java_class_path (initial): c:\Users\11\.vscode\extensions\redhat.java-1.20.0-win32-x64\server\plugins\org.eclipse.equinox.launcher_1.6.500.v20230622-2056.jar
Launcher Type: SUN_STANDARD

[Global flags]
    uintx AdaptiveSizePolicyWeight                 = 90                                        {product} {command line}
     intx CICompilerCount                          = 3                                         {product} {ergonomic}
    uintx GCTimeRatio                              = 4                                         {product} {command line}
     bool HeapDumpOnOutOfMemoryError               = true                                   {manageable} {command line}
    ccstr HeapDumpPath                             = c:\Users\11\AppData\Roaming\Code\User\workspaceStorage\43ac8a070a476b2101acbc0da1527d56\redhat.java         {manageable} {command line}
   size_t InitialHeapSize                          = 104857600                                 {product} {command line}
   size_t MaxHeapSize                              = 1073741824                                {product} {command line}
   size_t MaxNewSize                               = 357564416                                 {product} {ergonomic}
   size_t MinHeapDeltaBytes                        = 524288                                    {product} {ergonomic}
   size_t MinHeapSize                              = 104857600                                 {product} {command line}
   size_t NewSize                                  = 34603008                                  {product} {ergonomic}
    uintx NonNMethodCodeHeapSize                   = 5832780                                {pd product} {ergonomic}
    uintx NonProfiledCodeHeapSize                  = 122912730                              {pd product} {ergonomic}
   size_t OldSize                                  = 70254592                                  {product} {ergonomic}
    uintx ProfiledCodeHeapSize                     = 122912730                              {pd product} {ergonomic}
    uintx ReservedCodeCacheSize                    = 251658240                              {pd product} {ergonomic}
     bool SegmentedCodeCache                       = true                                      {product} {ergonomic}
   size_t SoftMaxHeapSize                          = 1073741824                             {manageable} {ergonomic}
     bool UseCompressedClassPointers               = true                           {product lp64_product} {ergonomic}
     bool UseCompressedOops                        = true                           {product lp64_product} {ergonomic}
     bool UseLargePagesIndividualAllocation        = false                                  {pd product} {ergonomic}
     bool UseParallelGC                            = true                                      {product} {command line}

Logging:
Log output configuration:
 #0: stdout all=off uptime,level,tags
 #1: stderr all=off uptime,level,tags

Environment Variables:
PATH=C:\Program Files\Common Files\Oracle\Java\javapath;C:\php7432;C:\Program Files\dotnet\;C:\Program Files\Git\cmd;C:\Users\11\AppData\Local\Programs\Python\Python38\Scripts\;C:\Users\11\AppData\Local\Programs\Python\Python38\;C:\Users\11\AppData\Local\Programs\Microsoft VS Code\bin;C:\Users\11\.dotnet\tools
USERNAME=11
OS=Windows_NT
PROCESSOR_IDENTIFIER=Intel64 Family 6 Model 37 Stepping 5, GenuineIntel
TMP=C:\Users\11\AppData\Local\Temp
TEMP=C:\Users\11\AppData\Local\Temp



---------------  S Y S T E M  ---------------

OS:
 Windows 8.1 , 64 bit Build 9600 (6.3.9600.17031)
OS uptime: 4 days 1:17 hours

CPU: total 4 (initial active 4) (2 cores per cpu, 2 threads per core) family 6 model 37 stepping 5 microcode 0x3, cx8, cmov, fxsr, ht, mmx, sse, sse2, sse3, ssse3, sse4.1, sse4.2, popcnt, tsc, tscinvbit, clflush

Memory: 4k page, system-wide physical 2806M (32M free)
TotalPageFile size 5878M (AvailPageFile size 4M)
current process WorkingSet (physical memory assigned to process): 56M, peak: 56M
current process commit charge ("private bytes"): 183M, peak: 183M

vm_info: OpenJDK 64-Bit Server VM (17.0.7+7) for windows-amd64 JRE (17.0.7+7), built on Apr 18 2023 22:10:42 by "temurin" with MS VC++ 16.7 (VS2019)

END.
